<?xml version="1.0" encoding="UTF-8"?>
<!-- Generated by org.testng.reporters.JUnitReportReporter -->
<testsuite hostname="IDC-LT-I65045" failures="0" tests="1" name="Runner.Run" time="0.101" errors="0" timestamp="2022-12-16T16:18:41 IST" skipped="0">
  <testcase classname="Runner.Run" name="runScenario" time="0.101"/>
  <system-out/>
</testsuite> <!-- Runner.Run -->
